----------------- End -----------------
% time     seconds  usecs/call     calls    errors syscall
------ ----------- ----------- --------- --------- ----------------
 84.95    0.898740      149790         6           futex  线程同步
  9.10    0.096302        1528        63           munmap  用于解除映射文件或设备到内存的映射。它通常用于释放通过mmap分配的内存。
  4.60    0.048620           0     60200           brk 调用用于调整进程的数据段大小。它通过移动程序的brk指针来增加或减少数据段的大小，从而分配或释放内存。可能调用brk的函数包括：malloc、free、realloc等内存管理函数。
  1.33    0.014120           0     38089           read
  0.01    0.000089           0        98           mmap
  0.00    0.000039           0        55           write
  0.00    0.000014           1        13           openat
  0.00    0.000003           0        11           fstat
  0.00    0.000001           0        13           close
  0.00    0.000001           0         3           stat
  0.00    0.000000           0        11           mprotect
  0.00    0.000000           0         2           rt_sigaction
  0.00    0.000000           0         1           rt_sigprocmask
  0.00    0.000000           0         8           pread64
  0.00    0.000000           0         1         1 access
  0.00    0.000000           0         2           clone
  0.00    0.000000           0         1           execve
  0.00    0.000000           0         2         1 arch_prctl
  0.00    0.000000           0         1           sched_getaffinity
  0.00    0.000000           0         2           getdents64
  0.00    0.000000           0         1           set_tid_address
  0.00    0.000000           0         1           set_robust_list
  0.00    0.000000           0         1           prlimit64
------ ----------- ----------- --------- --------- ----------------
100.00    1.057929                 98585         2 total

----------------- End -----------------
% time     seconds  usecs/call     calls    errors syscall
------ ----------- ----------- --------- --------- ----------------
 95.54    3.875941      645990         6           futex
  2.65    0.107644        1708        63           munmap
  1.48    0.060134           0     60200           brk
  0.32    0.012922           0     38089           read
  0.00    0.000075           1        55           write
  0.00    0.000053           0        98           mmap
  0.00    0.000004           0        13           openat
  0.00    0.000001           0        13           close
  0.00    0.000001           0         3           stat
  0.00    0.000001           0        11           fstat
  0.00    0.000000           0        11           mprotect
  0.00    0.000000           0         2           rt_sigaction
  0.00    0.000000           0         1           rt_sigprocmask
  0.00    0.000000           0         8           pread64
  0.00    0.000000           0         1         1 access
  0.00    0.000000           0         2           clone
  0.00    0.000000           0         1           execve
  0.00    0.000000           0         2         1 arch_prctl
  0.00    0.000000           0         1           sched_getaffinity
  0.00    0.000000           0         2           getdents64
  0.00    0.000000           0         1           set_tid_address
  0.00    0.000000           0         1           set_robust_list
  0.00    0.000000           0         1           prlimit64
------ ----------- ----------- --------- --------- ----------------
100.00    4.056776                 98585         2 total




没用OpenMP
----------------- End -----------------
% time     seconds  usecs/call     calls    errors syscall
------ ----------- ----------- --------- --------- ----------------
 87.44    0.958472      159745         6           futex
  6.08    0.066652        1057        63           munmap
  5.24    0.057480           0     60200           brk
  1.22    0.013355           0     38089           read
  0.01    0.000087           0        98           mmap
  0.00    0.000040           0        55           write
  0.00    0.000004           0        13           openat
  0.00    0.000003           1         2           clone
  0.00    0.000002           0         3           stat
  0.00    0.000001           0        13           close
  0.00    0.000001           0        11           fstat
  0.00    0.000000           0        11           mprotect
  0.00    0.000000           0         2           rt_sigaction
  0.00    0.000000           0         1           rt_sigprocmask
  0.00    0.000000           0         8           pread64
  0.00    0.000000           0         1         1 access
  0.00    0.000000           0         1           execve
  0.00    0.000000           0         2         1 arch_prctl
  0.00    0.000000           0         1           sched_getaffinity
  0.00    0.000000           0         2           getdents64
  0.00    0.000000           0         1           set_tid_address
  0.00    0.000000           0         1           set_robust_list
  0.00    0.000000           0         1           prlimit64
------ ----------- ----------- --------- --------- ----------------
100.00    1.096097                 98585         2 total


这个表是strace工具生成的系统调用统计信息。它显示了程序在运行过程中所调用的系统调用的详细信息，包括每个系统调用的调用次数、总耗时、每次调用的平均耗时等。以下是对表中各列的解释：

表格解释
% time：

该系统调用占总运行时间的百分比。
例如，futex占用了84.95%的总运行时间。
seconds：

该系统调用的总耗时（以秒为单位）。
例如，futex总共耗时0.898740秒。
usecs/call：

每次调用的平均耗时（以微秒为单位）。
例如，futex每次调用平均耗时149790微秒。
calls：

该系统调用的总调用次数。
例如，futex总共被调用了6次。
errors：

该系统调用的错误次数。
例如，access系统调用有1次错误。
syscall：

系统调用的名称。
例如，futex、munmap、brk等。